running egg_info
creating ../../build/demo_gazebo_ros_car_minimal/demo_gazebo_ros_car_minimal.egg-info
writing ../../build/demo_gazebo_ros_car_minimal/demo_gazebo_ros_car_minimal.egg-info/PKG-INFO
writing dependency_links to ../../build/demo_gazebo_ros_car_minimal/demo_gazebo_ros_car_minimal.egg-info/dependency_links.txt
writing entry points to ../../build/demo_gazebo_ros_car_minimal/demo_gazebo_ros_car_minimal.egg-info/entry_points.txt
writing requirements to ../../build/demo_gazebo_ros_car_minimal/demo_gazebo_ros_car_minimal.egg-info/requires.txt
writing top-level names to ../../build/demo_gazebo_ros_car_minimal/demo_gazebo_ros_car_minimal.egg-info/top_level.txt
writing manifest file '../../build/demo_gazebo_ros_car_minimal/demo_gazebo_ros_car_minimal.egg-info/SOURCES.txt'
reading manifest file '../../build/demo_gazebo_ros_car_minimal/demo_gazebo_ros_car_minimal.egg-info/SOURCES.txt'
adding license file 'LICENSE'
writing manifest file '../../build/demo_gazebo_ros_car_minimal/demo_gazebo_ros_car_minimal.egg-info/SOURCES.txt'
running build
running build_py
creating /home/sim/ros_ws/build/demo_gazebo_ros_car_minimal/build
creating /home/sim/ros_ws/build/demo_gazebo_ros_car_minimal/build/lib
creating /home/sim/ros_ws/build/demo_gazebo_ros_car_minimal/build/lib/demo_gazebo_ros_car_minimal
copying demo_gazebo_ros_car_minimal/__init__.py -> /home/sim/ros_ws/build/demo_gazebo_ros_car_minimal/build/lib/demo_gazebo_ros_car_minimal
running install
running install_lib
creating /home/sim/ros_ws/install/demo_gazebo_ros_car_minimal/lib/python3.10/site-packages/demo_gazebo_ros_car_minimal
copying /home/sim/ros_ws/build/demo_gazebo_ros_car_minimal/build/lib/demo_gazebo_ros_car_minimal/__init__.py -> /home/sim/ros_ws/install/demo_gazebo_ros_car_minimal/lib/python3.10/site-packages/demo_gazebo_ros_car_minimal
byte-compiling /home/sim/ros_ws/install/demo_gazebo_ros_car_minimal/lib/python3.10/site-packages/demo_gazebo_ros_car_minimal/__init__.py to __init__.cpython-310.pyc
running install_data
creating /home/sim/ros_ws/install/demo_gazebo_ros_car_minimal/share/ament_index
creating /home/sim/ros_ws/install/demo_gazebo_ros_car_minimal/share/ament_index/resource_index
creating /home/sim/ros_ws/install/demo_gazebo_ros_car_minimal/share/ament_index/resource_index/packages
copying resource/demo_gazebo_ros_car_minimal -> /home/sim/ros_ws/install/demo_gazebo_ros_car_minimal/share/ament_index/resource_index/packages
copying package.xml -> /home/sim/ros_ws/install/demo_gazebo_ros_car_minimal/share/demo_gazebo_ros_car_minimal
creating /home/sim/ros_ws/install/demo_gazebo_ros_car_minimal/share/demo_gazebo_ros_car_minimal/launch
copying launch/demo_gazebo_ros_car_minimal.launch.py -> /home/sim/ros_ws/install/demo_gazebo_ros_car_minimal/share/demo_gazebo_ros_car_minimal/launch/
creating /home/sim/ros_ws/install/demo_gazebo_ros_car_minimal/share/demo_gazebo_ros_car_minimal/models
creating /home/sim/ros_ws/install/demo_gazebo_ros_car_minimal/share/demo_gazebo_ros_car_minimal/models/car
creating /home/sim/ros_ws/install/demo_gazebo_ros_car_minimal/share/demo_gazebo_ros_car_minimal/models/car/car_wheel
copying models/car/car_wheel/model.config -> /home/sim/ros_ws/install/demo_gazebo_ros_car_minimal/share/demo_gazebo_ros_car_minimal/models/car/car_wheel/
copying models/car/car_wheel/model.xacro -> /home/sim/ros_ws/install/demo_gazebo_ros_car_minimal/share/demo_gazebo_ros_car_minimal/models/car/car_wheel/
copying models/car/car_wheel/sample_model.sdf -> /home/sim/ros_ws/install/demo_gazebo_ros_car_minimal/share/demo_gazebo_ros_car_minimal/models/car/car_wheel/
copying models/car/car_wheel/sample_model.urdf -> /home/sim/ros_ws/install/demo_gazebo_ros_car_minimal/share/demo_gazebo_ros_car_minimal/models/car/car_wheel/
copying models/car/car_wheel/sample_model.xacro -> /home/sim/ros_ws/install/demo_gazebo_ros_car_minimal/share/demo_gazebo_ros_car_minimal/models/car/car_wheel/
copying models/car/car_wheel/test_world.sdf -> /home/sim/ros_ws/install/demo_gazebo_ros_car_minimal/share/demo_gazebo_ros_car_minimal/models/car/car_wheel/
creating /home/sim/ros_ws/install/demo_gazebo_ros_car_minimal/share/demo_gazebo_ros_car_minimal/models/car/car_body
copying models/car/car_body/model.config -> /home/sim/ros_ws/install/demo_gazebo_ros_car_minimal/share/demo_gazebo_ros_car_minimal/models/car/car_body/
copying models/car/car_body/model.sdf -> /home/sim/ros_ws/install/demo_gazebo_ros_car_minimal/share/demo_gazebo_ros_car_minimal/models/car/car_body/
copying models/car/car_body/model.urdf -> /home/sim/ros_ws/install/demo_gazebo_ros_car_minimal/share/demo_gazebo_ros_car_minimal/models/car/car_body/
copying models/car/car_body/model.xacro -> /home/sim/ros_ws/install/demo_gazebo_ros_car_minimal/share/demo_gazebo_ros_car_minimal/models/car/car_body/
copying models/car/car_body/tester.sdf -> /home/sim/ros_ws/install/demo_gazebo_ros_car_minimal/share/demo_gazebo_ros_car_minimal/models/car/car_body/
copying models/car/car_body/test_world.sdf -> /home/sim/ros_ws/install/demo_gazebo_ros_car_minimal/share/demo_gazebo_ros_car_minimal/models/car/car_body/
creating /home/sim/ros_ws/install/demo_gazebo_ros_car_minimal/share/demo_gazebo_ros_car_minimal/models/car/car_camera
copying models/car/car_camera/model.config -> /home/sim/ros_ws/install/demo_gazebo_ros_car_minimal/share/demo_gazebo_ros_car_minimal/models/car/car_camera/
copying models/car/car_camera/model.sdf -> /home/sim/ros_ws/install/demo_gazebo_ros_car_minimal/share/demo_gazebo_ros_car_minimal/models/car/car_camera/
copying models/car/car_camera/model.urdf -> /home/sim/ros_ws/install/demo_gazebo_ros_car_minimal/share/demo_gazebo_ros_car_minimal/models/car/car_camera/
copying models/car/car_camera/model.xacro -> /home/sim/ros_ws/install/demo_gazebo_ros_car_minimal/share/demo_gazebo_ros_car_minimal/models/car/car_camera/
copying models/car/car_camera/test_world.sdf -> /home/sim/ros_ws/install/demo_gazebo_ros_car_minimal/share/demo_gazebo_ros_car_minimal/models/car/car_camera/
creating /home/sim/ros_ws/install/demo_gazebo_ros_car_minimal/share/demo_gazebo_ros_car_minimal/models/car/car_ball_wheel
copying models/car/car_ball_wheel/model.config -> /home/sim/ros_ws/install/demo_gazebo_ros_car_minimal/share/demo_gazebo_ros_car_minimal/models/car/car_ball_wheel/
copying models/car/car_ball_wheel/model.urdf -> /home/sim/ros_ws/install/demo_gazebo_ros_car_minimal/share/demo_gazebo_ros_car_minimal/models/car/car_ball_wheel/
copying models/car/car_ball_wheel/model.xacro -> /home/sim/ros_ws/install/demo_gazebo_ros_car_minimal/share/demo_gazebo_ros_car_minimal/models/car/car_ball_wheel/
copying models/car/car_ball_wheel/sample_model.sdf -> /home/sim/ros_ws/install/demo_gazebo_ros_car_minimal/share/demo_gazebo_ros_car_minimal/models/car/car_ball_wheel/
copying models/car/car_ball_wheel/sample_model.urdf -> /home/sim/ros_ws/install/demo_gazebo_ros_car_minimal/share/demo_gazebo_ros_car_minimal/models/car/car_ball_wheel/
copying models/car/car_ball_wheel/sample_model.xacro -> /home/sim/ros_ws/install/demo_gazebo_ros_car_minimal/share/demo_gazebo_ros_car_minimal/models/car/car_ball_wheel/
copying models/car/car_ball_wheel/test_world.sdf -> /home/sim/ros_ws/install/demo_gazebo_ros_car_minimal/share/demo_gazebo_ros_car_minimal/models/car/car_ball_wheel/
copying models/car/model.sdf -> /home/sim/ros_ws/install/demo_gazebo_ros_car_minimal/share/demo_gazebo_ros_car_minimal/models/car/
copying models/car/model.urdf -> /home/sim/ros_ws/install/demo_gazebo_ros_car_minimal/share/demo_gazebo_ros_car_minimal/models/car/
copying models/car/model.xacro -> /home/sim/ros_ws/install/demo_gazebo_ros_car_minimal/share/demo_gazebo_ros_car_minimal/models/car/
copying models/car/model.config -> /home/sim/ros_ws/install/demo_gazebo_ros_car_minimal/share/demo_gazebo_ros_car_minimal/models/car/
copying models/world.sdf -> /home/sim/ros_ws/install/demo_gazebo_ros_car_minimal/share/demo_gazebo_ros_car_minimal/models/
creating /home/sim/ros_ws/install/demo_gazebo_ros_car_minimal/share/demo_gazebo_ros_car_minimal/models/ground_plane
copying models/ground_plane/model-1_2.sdf -> /home/sim/ros_ws/install/demo_gazebo_ros_car_minimal/share/demo_gazebo_ros_car_minimal/models/ground_plane/
copying models/ground_plane/model-1_3.sdf -> /home/sim/ros_ws/install/demo_gazebo_ros_car_minimal/share/demo_gazebo_ros_car_minimal/models/ground_plane/
copying models/ground_plane/model-1_4.sdf -> /home/sim/ros_ws/install/demo_gazebo_ros_car_minimal/share/demo_gazebo_ros_car_minimal/models/ground_plane/
copying models/ground_plane/model.config -> /home/sim/ros_ws/install/demo_gazebo_ros_car_minimal/share/demo_gazebo_ros_car_minimal/models/ground_plane/
copying models/ground_plane/model.sdf -> /home/sim/ros_ws/install/demo_gazebo_ros_car_minimal/share/demo_gazebo_ros_car_minimal/models/ground_plane/
creating /home/sim/ros_ws/install/demo_gazebo_ros_car_minimal/share/demo_gazebo_ros_car_minimal/models/sun
copying models/sun/model-1_2.sdf -> /home/sim/ros_ws/install/demo_gazebo_ros_car_minimal/share/demo_gazebo_ros_car_minimal/models/sun/
copying models/sun/model-1_3.sdf -> /home/sim/ros_ws/install/demo_gazebo_ros_car_minimal/share/demo_gazebo_ros_car_minimal/models/sun/
copying models/sun/model-1_4.sdf -> /home/sim/ros_ws/install/demo_gazebo_ros_car_minimal/share/demo_gazebo_ros_car_minimal/models/sun/
copying models/sun/model.config -> /home/sim/ros_ws/install/demo_gazebo_ros_car_minimal/share/demo_gazebo_ros_car_minimal/models/sun/
copying models/sun/model.sdf -> /home/sim/ros_ws/install/demo_gazebo_ros_car_minimal/share/demo_gazebo_ros_car_minimal/models/sun/
copying rviz2_config.rviz -> /home/sim/ros_ws/install/demo_gazebo_ros_car_minimal/share/demo_gazebo_ros_car_minimal
copying ign_gazebo_gui.config -> /home/sim/ros_ws/install/demo_gazebo_ros_car_minimal/share/demo_gazebo_ros_car_minimal
running install_egg_info
Copying ../../build/demo_gazebo_ros_car_minimal/demo_gazebo_ros_car_minimal.egg-info to /home/sim/ros_ws/install/demo_gazebo_ros_car_minimal/lib/python3.10/site-packages/demo_gazebo_ros_car_minimal-0.0.0-py3.10.egg-info
running install_scripts
writing list of installed files to '/home/sim/ros_ws/build/demo_gazebo_ros_car_minimal/install.log'
