[0.364s] Invoking command in '/home/sim/ros_ws/src/demo_gazebo_ros_car_minimal': PYTHONPATH=/home/sim/ros_ws/install/demo_gazebo_ros_car_minimal/lib/python3.10/site-packages:${PYTHONPATH} /usr/bin/python3 setup.py egg_info --egg-base ../../build/demo_gazebo_ros_car_minimal build --build-base /home/sim/ros_ws/build/demo_gazebo_ros_car_minimal/build install --prefix /home/sim/ros_ws/install/demo_gazebo_ros_car_minimal --record /home/sim/ros_ws/build/demo_gazebo_ros_car_minimal/install.log --single-version-externally-managed
[0.502s] running egg_info
[0.502s] creating ../../build/demo_gazebo_ros_car_minimal/demo_gazebo_ros_car_minimal.egg-info
[0.502s] writing ../../build/demo_gazebo_ros_car_minimal/demo_gazebo_ros_car_minimal.egg-info/PKG-INFO
[0.503s] writing dependency_links to ../../build/demo_gazebo_ros_car_minimal/demo_gazebo_ros_car_minimal.egg-info/dependency_links.txt
[0.503s] writing entry points to ../../build/demo_gazebo_ros_car_minimal/demo_gazebo_ros_car_minimal.egg-info/entry_points.txt
[0.503s] writing requirements to ../../build/demo_gazebo_ros_car_minimal/demo_gazebo_ros_car_minimal.egg-info/requires.txt
[0.503s] writing top-level names to ../../build/demo_gazebo_ros_car_minimal/demo_gazebo_ros_car_minimal.egg-info/top_level.txt
[0.503s] writing manifest file '../../build/demo_gazebo_ros_car_minimal/demo_gazebo_ros_car_minimal.egg-info/SOURCES.txt'
[0.506s] reading manifest file '../../build/demo_gazebo_ros_car_minimal/demo_gazebo_ros_car_minimal.egg-info/SOURCES.txt'
[0.506s] adding license file 'LICENSE'
[0.507s] writing manifest file '../../build/demo_gazebo_ros_car_minimal/demo_gazebo_ros_car_minimal.egg-info/SOURCES.txt'
[0.507s] running build
[0.508s] running build_py
[0.508s] creating /home/sim/ros_ws/build/demo_gazebo_ros_car_minimal/build
[0.508s] creating /home/sim/ros_ws/build/demo_gazebo_ros_car_minimal/build/lib
[0.508s] creating /home/sim/ros_ws/build/demo_gazebo_ros_car_minimal/build/lib/demo_gazebo_ros_car_minimal
[0.508s] copying demo_gazebo_ros_car_minimal/__init__.py -> /home/sim/ros_ws/build/demo_gazebo_ros_car_minimal/build/lib/demo_gazebo_ros_car_minimal
[0.508s] running install
[0.508s] running install_lib
[0.509s] creating /home/sim/ros_ws/install/demo_gazebo_ros_car_minimal/lib/python3.10/site-packages/demo_gazebo_ros_car_minimal
[0.509s] copying /home/sim/ros_ws/build/demo_gazebo_ros_car_minimal/build/lib/demo_gazebo_ros_car_minimal/__init__.py -> /home/sim/ros_ws/install/demo_gazebo_ros_car_minimal/lib/python3.10/site-packages/demo_gazebo_ros_car_minimal
[0.509s] byte-compiling /home/sim/ros_ws/install/demo_gazebo_ros_car_minimal/lib/python3.10/site-packages/demo_gazebo_ros_car_minimal/__init__.py to __init__.cpython-310.pyc
[0.509s] running install_data
[0.510s] creating /home/sim/ros_ws/install/demo_gazebo_ros_car_minimal/share/ament_index
[0.510s] creating /home/sim/ros_ws/install/demo_gazebo_ros_car_minimal/share/ament_index/resource_index
[0.510s] creating /home/sim/ros_ws/install/demo_gazebo_ros_car_minimal/share/ament_index/resource_index/packages
[0.510s] copying resource/demo_gazebo_ros_car_minimal -> /home/sim/ros_ws/install/demo_gazebo_ros_car_minimal/share/ament_index/resource_index/packages
[0.510s] copying package.xml -> /home/sim/ros_ws/install/demo_gazebo_ros_car_minimal/share/demo_gazebo_ros_car_minimal
[0.511s] creating /home/sim/ros_ws/install/demo_gazebo_ros_car_minimal/share/demo_gazebo_ros_car_minimal/launch
[0.511s] copying launch/demo_gazebo_ros_car_minimal.launch.py -> /home/sim/ros_ws/install/demo_gazebo_ros_car_minimal/share/demo_gazebo_ros_car_minimal/launch/
[0.511s] creating /home/sim/ros_ws/install/demo_gazebo_ros_car_minimal/share/demo_gazebo_ros_car_minimal/models
[0.511s] creating /home/sim/ros_ws/install/demo_gazebo_ros_car_minimal/share/demo_gazebo_ros_car_minimal/models/car
[0.511s] creating /home/sim/ros_ws/install/demo_gazebo_ros_car_minimal/share/demo_gazebo_ros_car_minimal/models/car/car_wheel
[0.511s] copying models/car/car_wheel/model.config -> /home/sim/ros_ws/install/demo_gazebo_ros_car_minimal/share/demo_gazebo_ros_car_minimal/models/car/car_wheel/
[0.512s] copying models/car/car_wheel/model.xacro -> /home/sim/ros_ws/install/demo_gazebo_ros_car_minimal/share/demo_gazebo_ros_car_minimal/models/car/car_wheel/
[0.512s] copying models/car/car_wheel/sample_model.sdf -> /home/sim/ros_ws/install/demo_gazebo_ros_car_minimal/share/demo_gazebo_ros_car_minimal/models/car/car_wheel/
[0.512s] copying models/car/car_wheel/sample_model.urdf -> /home/sim/ros_ws/install/demo_gazebo_ros_car_minimal/share/demo_gazebo_ros_car_minimal/models/car/car_wheel/
[0.512s] copying models/car/car_wheel/sample_model.xacro -> /home/sim/ros_ws/install/demo_gazebo_ros_car_minimal/share/demo_gazebo_ros_car_minimal/models/car/car_wheel/
[0.512s] copying models/car/car_wheel/test_world.sdf -> /home/sim/ros_ws/install/demo_gazebo_ros_car_minimal/share/demo_gazebo_ros_car_minimal/models/car/car_wheel/
[0.512s] creating /home/sim/ros_ws/install/demo_gazebo_ros_car_minimal/share/demo_gazebo_ros_car_minimal/models/car/car_body
[0.513s] copying models/car/car_body/model.config -> /home/sim/ros_ws/install/demo_gazebo_ros_car_minimal/share/demo_gazebo_ros_car_minimal/models/car/car_body/
[0.513s] copying models/car/car_body/model.sdf -> /home/sim/ros_ws/install/demo_gazebo_ros_car_minimal/share/demo_gazebo_ros_car_minimal/models/car/car_body/
[0.513s] copying models/car/car_body/model.urdf -> /home/sim/ros_ws/install/demo_gazebo_ros_car_minimal/share/demo_gazebo_ros_car_minimal/models/car/car_body/
[0.513s] copying models/car/car_body/model.xacro -> /home/sim/ros_ws/install/demo_gazebo_ros_car_minimal/share/demo_gazebo_ros_car_minimal/models/car/car_body/
[0.514s] copying models/car/car_body/tester.sdf -> /home/sim/ros_ws/install/demo_gazebo_ros_car_minimal/share/demo_gazebo_ros_car_minimal/models/car/car_body/
[0.514s] copying models/car/car_body/test_world.sdf -> /home/sim/ros_ws/install/demo_gazebo_ros_car_minimal/share/demo_gazebo_ros_car_minimal/models/car/car_body/
[0.514s] creating /home/sim/ros_ws/install/demo_gazebo_ros_car_minimal/share/demo_gazebo_ros_car_minimal/models/car/car_camera
[0.514s] copying models/car/car_camera/model.config -> /home/sim/ros_ws/install/demo_gazebo_ros_car_minimal/share/demo_gazebo_ros_car_minimal/models/car/car_camera/
[0.514s] copying models/car/car_camera/model.sdf -> /home/sim/ros_ws/install/demo_gazebo_ros_car_minimal/share/demo_gazebo_ros_car_minimal/models/car/car_camera/
[0.515s] copying models/car/car_camera/model.urdf -> /home/sim/ros_ws/install/demo_gazebo_ros_car_minimal/share/demo_gazebo_ros_car_minimal/models/car/car_camera/
[0.515s] copying models/car/car_camera/model.xacro -> /home/sim/ros_ws/install/demo_gazebo_ros_car_minimal/share/demo_gazebo_ros_car_minimal/models/car/car_camera/
[0.515s] copying models/car/car_camera/test_world.sdf -> /home/sim/ros_ws/install/demo_gazebo_ros_car_minimal/share/demo_gazebo_ros_car_minimal/models/car/car_camera/
[0.515s] creating /home/sim/ros_ws/install/demo_gazebo_ros_car_minimal/share/demo_gazebo_ros_car_minimal/models/car/car_ball_wheel
[0.515s] copying models/car/car_ball_wheel/model.config -> /home/sim/ros_ws/install/demo_gazebo_ros_car_minimal/share/demo_gazebo_ros_car_minimal/models/car/car_ball_wheel/
[0.516s] copying models/car/car_ball_wheel/model.urdf -> /home/sim/ros_ws/install/demo_gazebo_ros_car_minimal/share/demo_gazebo_ros_car_minimal/models/car/car_ball_wheel/
[0.516s] copying models/car/car_ball_wheel/model.xacro -> /home/sim/ros_ws/install/demo_gazebo_ros_car_minimal/share/demo_gazebo_ros_car_minimal/models/car/car_ball_wheel/
[0.516s] copying models/car/car_ball_wheel/sample_model.sdf -> /home/sim/ros_ws/install/demo_gazebo_ros_car_minimal/share/demo_gazebo_ros_car_minimal/models/car/car_ball_wheel/
[0.516s] copying models/car/car_ball_wheel/sample_model.urdf -> /home/sim/ros_ws/install/demo_gazebo_ros_car_minimal/share/demo_gazebo_ros_car_minimal/models/car/car_ball_wheel/
[0.517s] copying models/car/car_ball_wheel/sample_model.xacro -> /home/sim/ros_ws/install/demo_gazebo_ros_car_minimal/share/demo_gazebo_ros_car_minimal/models/car/car_ball_wheel/
[0.517s] copying models/car/car_ball_wheel/test_world.sdf -> /home/sim/ros_ws/install/demo_gazebo_ros_car_minimal/share/demo_gazebo_ros_car_minimal/models/car/car_ball_wheel/
[0.517s] copying models/car/model.sdf -> /home/sim/ros_ws/install/demo_gazebo_ros_car_minimal/share/demo_gazebo_ros_car_minimal/models/car/
[0.518s] copying models/car/model.urdf -> /home/sim/ros_ws/install/demo_gazebo_ros_car_minimal/share/demo_gazebo_ros_car_minimal/models/car/
[0.518s] copying models/car/model.xacro -> /home/sim/ros_ws/install/demo_gazebo_ros_car_minimal/share/demo_gazebo_ros_car_minimal/models/car/
[0.529s] copying models/car/model.config -> /home/sim/ros_ws/install/demo_gazebo_ros_car_minimal/share/demo_gazebo_ros_car_minimal/models/car/
[0.530s] copying models/world.sdf -> /home/sim/ros_ws/install/demo_gazebo_ros_car_minimal/share/demo_gazebo_ros_car_minimal/models/
[0.530s] creating /home/sim/ros_ws/install/demo_gazebo_ros_car_minimal/share/demo_gazebo_ros_car_minimal/models/ground_plane
[0.530s] copying models/ground_plane/model-1_2.sdf -> /home/sim/ros_ws/install/demo_gazebo_ros_car_minimal/share/demo_gazebo_ros_car_minimal/models/ground_plane/
[0.530s] copying models/ground_plane/model-1_3.sdf -> /home/sim/ros_ws/install/demo_gazebo_ros_car_minimal/share/demo_gazebo_ros_car_minimal/models/ground_plane/
[0.530s] copying models/ground_plane/model-1_4.sdf -> /home/sim/ros_ws/install/demo_gazebo_ros_car_minimal/share/demo_gazebo_ros_car_minimal/models/ground_plane/
[0.531s] copying models/ground_plane/model.config -> /home/sim/ros_ws/install/demo_gazebo_ros_car_minimal/share/demo_gazebo_ros_car_minimal/models/ground_plane/
[0.531s] copying models/ground_plane/model.sdf -> /home/sim/ros_ws/install/demo_gazebo_ros_car_minimal/share/demo_gazebo_ros_car_minimal/models/ground_plane/
[0.531s] creating /home/sim/ros_ws/install/demo_gazebo_ros_car_minimal/share/demo_gazebo_ros_car_minimal/models/sun
[0.531s] copying models/sun/model-1_2.sdf -> /home/sim/ros_ws/install/demo_gazebo_ros_car_minimal/share/demo_gazebo_ros_car_minimal/models/sun/
[0.531s] copying models/sun/model-1_3.sdf -> /home/sim/ros_ws/install/demo_gazebo_ros_car_minimal/share/demo_gazebo_ros_car_minimal/models/sun/
[0.532s] copying models/sun/model-1_4.sdf -> /home/sim/ros_ws/install/demo_gazebo_ros_car_minimal/share/demo_gazebo_ros_car_minimal/models/sun/
[0.532s] copying models/sun/model.config -> /home/sim/ros_ws/install/demo_gazebo_ros_car_minimal/share/demo_gazebo_ros_car_minimal/models/sun/
[0.532s] copying models/sun/model.sdf -> /home/sim/ros_ws/install/demo_gazebo_ros_car_minimal/share/demo_gazebo_ros_car_minimal/models/sun/
[0.533s] copying rviz2_config.rviz -> /home/sim/ros_ws/install/demo_gazebo_ros_car_minimal/share/demo_gazebo_ros_car_minimal
[0.533s] copying ign_gazebo_gui.config -> /home/sim/ros_ws/install/demo_gazebo_ros_car_minimal/share/demo_gazebo_ros_car_minimal
[0.533s] running install_egg_info
[0.535s] Copying ../../build/demo_gazebo_ros_car_minimal/demo_gazebo_ros_car_minimal.egg-info to /home/sim/ros_ws/install/demo_gazebo_ros_car_minimal/lib/python3.10/site-packages/demo_gazebo_ros_car_minimal-0.0.0-py3.10.egg-info
[0.537s] running install_scripts
[0.556s] writing list of installed files to '/home/sim/ros_ws/build/demo_gazebo_ros_car_minimal/install.log'
[0.577s] Invoked command in '/home/sim/ros_ws/src/demo_gazebo_ros_car_minimal' returned '0': PYTHONPATH=/home/sim/ros_ws/install/demo_gazebo_ros_car_minimal/lib/python3.10/site-packages:${PYTHONPATH} /usr/bin/python3 setup.py egg_info --egg-base ../../build/demo_gazebo_ros_car_minimal build --build-base /home/sim/ros_ws/build/demo_gazebo_ros_car_minimal/build install --prefix /home/sim/ros_ws/install/demo_gazebo_ros_car_minimal --record /home/sim/ros_ws/build/demo_gazebo_ros_car_minimal/install.log --single-version-externally-managed
